[[1;34mINFO[m] Scanning for projects...
[[1;33mWARNING[m] 
[[1;33mWARNING[m] Some problems were encountered while building the effective model for org.apache.iotdb:tsfile:jar:0.13.0-SNAPSHOT
[[1;33mWARNING[m] 'dependencyManagement.dependencies.dependency.(groupId:artifactId:type:classifier)' must be unique: org.eclipse.jetty:jetty-server:jar -> version ${jetty.version} vs 11.0.6 @ org.apache.iotdb:iotdb-parent:0.13.0-SNAPSHOT, /home/kejiawu2/mp1/iotdb/pom.xml, line 539, column 25
[[1;33mWARNING[m] 
[[1;33mWARNING[m] Some problems were encountered while building the effective model for org.apache.iotdb:iotdb-parent:pom:0.13.0-SNAPSHOT
[[1;33mWARNING[m] 'dependencyManagement.dependencies.dependency.(groupId:artifactId:type:classifier)' must be unique: org.eclipse.jetty:jetty-server:jar -> version ${jetty.version} vs 11.0.6 @ line 539, column 25
[[1;33mWARNING[m] 
[[1;33mWARNING[m] It is highly recommended to fix these problems because they threaten the stability of your build.
[[1;33mWARNING[m] 
[[1;33mWARNING[m] For this reason, future Maven versions might no longer support building such malformed projects.
[[1;33mWARNING[m] 
[[1;34mINFO[m] 
[[1;34mINFO[m] [1m-------------------< [0;36morg.apache.iotdb:iotdb-cluster[0;1m >-------------------[m
[[1;34mINFO[m] [1mBuilding cluster 0.13.0-SNAPSHOT[m
[[1;34mINFO[m] [1m--------------------------------[ jar ]---------------------------------[m
[[1;34mINFO[m] 
[[1;34mINFO[m] [1m>>> [0;32mnondex-maven-plugin:1.1.2:nondex[m [1m(default-cli)[0;1m > [0;1mtest-compile[m @ [36miotdb-cluster[0;1m >>>[m
[[1;34mINFO[m] 
[[1;34mINFO[m] [1m--- [0;32mmaven-checkstyle-plugin:3.0.0:check[m [1m(validate)[m @ [36miotdb-cluster[0;1m ---[m
[[1;34mINFO[m] 
[[1;34mINFO[m] [1m--- [0;32mmaven-enforcer-plugin:3.0.0-M2:enforce[m [1m(enforce-maven-version)[m @ [36miotdb-cluster[0;1m ---[m
[[1;34mINFO[m] Skipping Rule Enforcement.
[[1;34mINFO[m] 
[[1;34mINFO[m] [1m--- [0;32mmaven-enforcer-plugin:3.0.0-M2:enforce[m [1m(enforce-version-convergence)[m @ [36miotdb-cluster[0;1m ---[m
[[1;34mINFO[m] Skipping Rule Enforcement.
[[1;34mINFO[m] 
[[1;34mINFO[m] [1m--- [0;32mmaven-enforcer-plugin:3.0.0-M2:enforce[m [1m(vulnerability-checks)[m @ [36miotdb-cluster[0;1m ---[m
[[1;34mINFO[m] Skipping Rule Enforcement.
[[1;34mINFO[m] 
[[1;34mINFO[m] [1m--- [0;32mspotless-maven-plugin:2.4.2:check[m [1m(spotless-check)[m @ [36miotdb-cluster[0;1m ---[m
[[1;34mINFO[m] 
[[1;34mINFO[m] [1m--- [0;32mmaven-remote-resources-plugin:1.7.0:process[m [1m(process-resource-bundles)[m @ [36miotdb-cluster[0;1m ---[m
[[1;34mINFO[m] Preparing remote bundle org.apache:apache-jar-resource-bundle:1.4
[[1;34mINFO[m] Copying 3 resources from 1 bundle.
[[1;34mINFO[m] 
[[1;34mINFO[m] [1m--- [0;32mmaven-resources-plugin:3.1.0:resources[m [1m(default-resources)[m @ [36miotdb-cluster[0;1m ---[m
[[1;34mINFO[m] Using 'UTF-8' encoding to copy filtered resources.
[[1;34mINFO[m] skip non existing resourceDirectory /home/kejiawu2/mp1/iotdb/cluster/src/main/resources
[[1;34mINFO[m] Copying 3 resources
[[1;34mINFO[m] 
[[1;34mINFO[m] [1m--- [0;32mmaven-compiler-plugin:3.8.1:compile[m [1m(default-compile)[m @ [36miotdb-cluster[0;1m ---[m
[[1;34mINFO[m] Changes detected - recompiling the module!
[[1;34mINFO[m] Compiling 220 source files to /home/kejiawu2/mp1/iotdb/cluster/target/classes
[[1;34mINFO[m] /home/kejiawu2/mp1/iotdb/cluster/src/main/java/org/apache/iotdb/cluster/log/snapshot/PartitionedSnapshot.java: Some input files use unchecked or unsafe operations.
[[1;34mINFO[m] /home/kejiawu2/mp1/iotdb/cluster/src/main/java/org/apache/iotdb/cluster/log/snapshot/PartitionedSnapshot.java: Recompile with -Xlint:unchecked for details.
[[1;34mINFO[m] 
[[1;34mINFO[m] [1m--- [0;32mxml-format-maven-plugin:3.0.7:xml-format[m [1m(xml-format)[m @ [36miotdb-cluster[0;1m ---[m
[[1;34mINFO[m] 
[[1;34mINFO[m] [1m--- [0;32mmaven-resources-plugin:3.1.0:testResources[m [1m(default-testResources)[m @ [36miotdb-cluster[0;1m ---[m
[[1;34mINFO[m] Using 'UTF-8' encoding to copy filtered resources.
[[1;34mINFO[m] Copying 10 resources
[[1;34mINFO[m] Copying 3 resources
[[1;34mINFO[m] 
[[1;34mINFO[m] [1m--- [0;32mmaven-compiler-plugin:3.8.1:testCompile[m [1m(default-testCompile)[m @ [36miotdb-cluster[0;1m ---[m
[[1;34mINFO[m] Changes detected - recompiling the module!
[[1;34mINFO[m] Compiling 106 source files to /home/kejiawu2/mp1/iotdb/cluster/target/test-classes
[[1;34mINFO[m] /home/kejiawu2/mp1/iotdb/cluster/src/test/java/org/apache/iotdb/cluster/server/member/BaseMember.java: Some input files use unchecked or unsafe operations.
[[1;34mINFO[m] /home/kejiawu2/mp1/iotdb/cluster/src/test/java/org/apache/iotdb/cluster/server/member/BaseMember.java: Recompile with -Xlint:unchecked for details.
[[1;34mINFO[m] 
[[1;34mINFO[m] [1m<<< [0;32mnondex-maven-plugin:1.1.2:nondex[m [1m(default-cli)[0;1m < [0;1mtest-compile[m @ [36miotdb-cluster[0;1m <<<[m
[[1;34mINFO[m] 
[[1;34mINFO[m] 
[[1;34mINFO[m] [1m--- [0;32mnondex-maven-plugin:1.1.2:nondex[m [1m(default-cli)[m @ [36miotdb-cluster[0;1m ---[m
INFO: The original argline is: 
INFO: Adding NonDex argLine to existing argLine specified by the project
CONFIG: nondexFilter=.*
nondexMode=FULL
nondexSeed=933178
nondexStart=0
nondexEnd=9223372036854775807
nondexPrintstack=false
nondexDir=/home/kejiawu2/mp1/iotdb/cluster/.nondex
nondexJarDir=.nondex
nondexExecid=clean_63jShDv4ZIXBLLl0+EIPveWkVJyQf9JsKXcCKCIViA=
nondexLogging=CONFIG
test=
[[1;33mWARNING[m] The parameter forkMode is deprecated since version 2.14. Use forkCount and reuseForks instead.
[[1;34mINFO[m] 
[[1;34mINFO[m] -------------------------------------------------------
[[1;34mINFO[m]  T E S T S
[[1;34mINFO[m] -------------------------------------------------------
[[1;34mINFO[m] Running org.apache.iotdb.cluster.query.[1mClusterPlanExecutorTest[m
WARN  [2022-08-27 08:47:24,102] [main] org.apache.iotdb.tsfile.common.conf.TSFileDescriptor:100 - Fail to find config file file:/home/kejiawu2/.m2/repository/org/apache/iotdb/iotdb-server/0.13.0-SNAPSHOT/iotdb-server-0.13.0-SNAPSHOT-tests.jar!/iotdb-engine.properties 
WARN  [2022-08-27 08:47:24,135] [main] org.apache.iotdb.cluster.config.ClusterDescriptor:80 - Cannot find IOTDB_HOME or IOTDB_CONF environment variable when loading config file iotdb-cluster.properties, use default configuration 
WARN  [2022-08-27 08:47:24,303] [main] org.apache.iotdb.db.utils.EnvironmentUtils:254 - EnvironmentUtil setup... 
WARN  [2022-08-27 08:47:24,305] [main] org.apache.iotdb.db.service.StartupChecks:38 - iotdb.jmx.port missing from iotdb-env.sh(Unix or OS X, if you use Windows, check conf/iotdb-env.bat) 
WARN  [2022-08-27 08:47:24,634] [main] org.apache.iotdb.db.engine.compaction.CompactionTaskManager:219 - A CompactionTask failed to be submitted to CompactionTaskManager because taskExecutionPool is null 
WARN  [2022-08-27 08:47:24,726] [main] org.apache.iotdb.db.engine.compaction.CompactionTaskManager:219 - A CompactionTask failed to be submitted to CompactionTaskManager because taskExecutionPool is null 
WARN  [2022-08-27 08:47:24,743] [main] org.apache.iotdb.db.engine.compaction.CompactionTaskManager:219 - A CompactionTask failed to be submitted to CompactionTaskManager because taskExecutionPool is null 
WARN  [2022-08-27 08:47:24,758] [main] org.apache.iotdb.db.engine.compaction.CompactionTaskManager:219 - A CompactionTask failed to be submitted to CompactionTaskManager because taskExecutionPool is null 
WARN  [2022-08-27 08:47:24,776] [main] org.apache.iotdb.db.engine.compaction.CompactionTaskManager:219 - A CompactionTask failed to be submitted to CompactionTaskManager because taskExecutionPool is null 
WARN  [2022-08-27 08:47:24,793] [main] org.apache.iotdb.db.engine.compaction.CompactionTaskManager:219 - A CompactionTask failed to be submitted to CompactionTaskManager because taskExecutionPool is null 
WARN  [2022-08-27 08:47:24,808] [main] org.apache.iotdb.db.engine.compaction.CompactionTaskManager:219 - A CompactionTask failed to be submitted to CompactionTaskManager because taskExecutionPool is null 
WARN  [2022-08-27 08:47:24,823] [main] org.apache.iotdb.db.engine.compaction.CompactionTaskManager:219 - A CompactionTask failed to be submitted to CompactionTaskManager because taskExecutionPool is null 
WARN  [2022-08-27 08:47:24,836] [main] org.apache.iotdb.db.engine.compaction.CompactionTaskManager:219 - A CompactionTask failed to be submitted to CompactionTaskManager because taskExecutionPool is null 
WARN  [2022-08-27 08:47:24,846] [main] org.apache.iotdb.db.engine.compaction.CompactionTaskManager:219 - A CompactionTask failed to be submitted to CompactionTaskManager because taskExecutionPool is null 
WARN  [2022-08-27 08:47:24,861] [main] org.apache.iotdb.db.utils.EnvironmentUtils:106 - EnvironmentUtil cleanEnv... 
[[1;34mINFO[m] [1;32mTests run: [0;1;32m1[m, Failures: 0, Errors: 0, Skipped: 0, Time elapsed: 1.184 s - in org.apache.iotdb.cluster.query.[1mClusterPlanExecutorTest[m
[[1;34mINFO[m] 
[[1;34mINFO[m] Results:
[[1;34mINFO[m] 
[[1;34mINFO[m] [1;32mTests run: 1, Failures: 0, Errors: 0, Skipped: 0[m
[[1;34mINFO[m] 
INFO: Adding excluded groups to newly created one
INFO: Adding NonDex argLine to existing argLine specified by the project
CONFIG: nondexFilter=.*
nondexMode=FULL
nondexSeed=933178
nondexStart=0
nondexEnd=9223372036854775807
nondexPrintstack=false
nondexDir=/home/kejiawu2/mp1/iotdb/cluster/.nondex
nondexJarDir=/home/kejiawu2/mp1/iotdb/cluster/.nondex
nondexExecid=HhZ4N+nmM7en217Ob0lwrN6Dj26+LbZ8pZz4V8F9qA=
nondexLogging=CONFIG
test=
[[1;33mWARNING[m] The parameter forkMode is deprecated since version 2.14. Use forkCount and reuseForks instead.
[[1;34mINFO[m] 
[[1;34mINFO[m] -------------------------------------------------------
[[1;34mINFO[m]  T E S T S
[[1;34mINFO[m] -------------------------------------------------------
[[1;34mINFO[m] Running org.apache.iotdb.cluster.query.[1mClusterPlanExecutorTest[m
WARN  [2022-08-27 08:47:26,109] [main] org.apache.iotdb.tsfile.common.conf.TSFileDescriptor:100 - Fail to find config file file:/home/kejiawu2/.m2/repository/org/apache/iotdb/iotdb-server/0.13.0-SNAPSHOT/iotdb-server-0.13.0-SNAPSHOT-tests.jar!/iotdb-engine.properties 
WARN  [2022-08-27 08:47:26,131] [main] org.apache.iotdb.cluster.config.ClusterDescriptor:80 - Cannot find IOTDB_HOME or IOTDB_CONF environment variable when loading config file iotdb-cluster.properties, use default configuration 
WARN  [2022-08-27 08:47:26,300] [main] org.apache.iotdb.db.utils.EnvironmentUtils:254 - EnvironmentUtil setup... 
WARN  [2022-08-27 08:47:26,302] [main] org.apache.iotdb.db.service.StartupChecks:38 - iotdb.jmx.port missing from iotdb-env.sh(Unix or OS X, if you use Windows, check conf/iotdb-env.bat) 
WARN  [2022-08-27 08:47:26,666] [main] org.apache.iotdb.db.engine.compaction.CompactionTaskManager:219 - A CompactionTask failed to be submitted to CompactionTaskManager because taskExecutionPool is null 
WARN  [2022-08-27 08:47:26,754] [main] org.apache.iotdb.db.engine.compaction.CompactionTaskManager:219 - A CompactionTask failed to be submitted to CompactionTaskManager because taskExecutionPool is null 
WARN  [2022-08-27 08:47:26,789] [main] org.apache.iotdb.db.engine.compaction.CompactionTaskManager:219 - A CompactionTask failed to be submitted to CompactionTaskManager because taskExecutionPool is null 
WARN  [2022-08-27 08:47:26,820] [main] org.apache.iotdb.db.engine.compaction.CompactionTaskManager:219 - A CompactionTask failed to be submitted to CompactionTaskManager because taskExecutionPool is null 
WARN  [2022-08-27 08:47:26,840] [main] org.apache.iotdb.db.engine.compaction.CompactionTaskManager:219 - A CompactionTask failed to be submitted to CompactionTaskManager because taskExecutionPool is null 
WARN  [2022-08-27 08:47:26,859] [main] org.apache.iotdb.db.engine.compaction.CompactionTaskManager:219 - A CompactionTask failed to be submitted to CompactionTaskManager because taskExecutionPool is null 
WARN  [2022-08-27 08:47:26,894] [main] org.apache.iotdb.db.engine.compaction.CompactionTaskManager:219 - A CompactionTask failed to be submitted to CompactionTaskManager because taskExecutionPool is null 
WARN  [2022-08-27 08:47:26,916] [main] org.apache.iotdb.db.engine.compaction.CompactionTaskManager:219 - A CompactionTask failed to be submitted to CompactionTaskManager because taskExecutionPool is null 
WARN  [2022-08-27 08:47:26,929] [main] org.apache.iotdb.db.engine.compaction.CompactionTaskManager:219 - A CompactionTask failed to be submitted to CompactionTaskManager because taskExecutionPool is null 
WARN  [2022-08-27 08:47:26,941] [main] org.apache.iotdb.db.engine.compaction.CompactionTaskManager:219 - A CompactionTask failed to be submitted to CompactionTaskManager because taskExecutionPool is null 
WARN  [2022-08-27 08:47:26,959] [main] org.apache.iotdb.db.utils.EnvironmentUtils:106 - EnvironmentUtil cleanEnv... 
[[1;34mINFO[m] [1;32mTests run: [0;1;32m1[m, Failures: 0, Errors: 0, Skipped: 0, Time elapsed: 1.112 s - in org.apache.iotdb.cluster.query.[1mClusterPlanExecutorTest[m
[[1;34mINFO[m] 
[[1;34mINFO[m] Results:
[[1;34mINFO[m] 
[[1;34mINFO[m] [1;32mTests run: 1, Failures: 0, Errors: 0, Skipped: 0[m
[[1;34mINFO[m] 
INFO: Adding excluded groups to newly created one
INFO: Adding NonDex argLine to existing argLine specified by the project
CONFIG: nondexFilter=.*
nondexMode=FULL
nondexSeed=974622
nondexStart=0
nondexEnd=9223372036854775807
nondexPrintstack=false
nondexDir=/home/kejiawu2/mp1/iotdb/cluster/.nondex
nondexJarDir=/home/kejiawu2/mp1/iotdb/cluster/.nondex
nondexExecid=m83ZUhNEjQZ6tnCmv2ZsPornIQEc0+blbq1UUBQlOmM=
nondexLogging=CONFIG
test=
[[1;33mWARNING[m] The parameter forkMode is deprecated since version 2.14. Use forkCount and reuseForks instead.
[[1;34mINFO[m] 
[[1;34mINFO[m] -------------------------------------------------------
[[1;34mINFO[m]  T E S T S
[[1;34mINFO[m] -------------------------------------------------------
[[1;34mINFO[m] Running org.apache.iotdb.cluster.query.[1mClusterPlanExecutorTest[m
WARN  [2022-08-27 08:47:28,324] [main] org.apache.iotdb.tsfile.common.conf.TSFileDescriptor:100 - Fail to find config file file:/home/kejiawu2/.m2/repository/org/apache/iotdb/iotdb-server/0.13.0-SNAPSHOT/iotdb-server-0.13.0-SNAPSHOT-tests.jar!/iotdb-engine.properties 
WARN  [2022-08-27 08:47:28,360] [main] org.apache.iotdb.cluster.config.ClusterDescriptor:80 - Cannot find IOTDB_HOME or IOTDB_CONF environment variable when loading config file iotdb-cluster.properties, use default configuration 
WARN  [2022-08-27 08:47:28,594] [main] org.apache.iotdb.db.utils.EnvironmentUtils:254 - EnvironmentUtil setup... 
WARN  [2022-08-27 08:47:28,599] [main] org.apache.iotdb.db.service.StartupChecks:38 - iotdb.jmx.port missing from iotdb-env.sh(Unix or OS X, if you use Windows, check conf/iotdb-env.bat) 
WARN  [2022-08-27 08:47:28,946] [main] org.apache.iotdb.db.engine.compaction.CompactionTaskManager:219 - A CompactionTask failed to be submitted to CompactionTaskManager because taskExecutionPool is null 
WARN  [2022-08-27 08:47:29,032] [main] org.apache.iotdb.db.engine.compaction.CompactionTaskManager:219 - A CompactionTask failed to be submitted to CompactionTaskManager because taskExecutionPool is null 
WARN  [2022-08-27 08:47:29,059] [main] org.apache.iotdb.db.engine.compaction.CompactionTaskManager:219 - A CompactionTask failed to be submitted to CompactionTaskManager because taskExecutionPool is null 
WARN  [2022-08-27 08:47:29,088] [main] org.apache.iotdb.db.engine.compaction.CompactionTaskManager:219 - A CompactionTask failed to be submitted to CompactionTaskManager because taskExecutionPool is null 
WARN  [2022-08-27 08:47:29,109] [main] org.apache.iotdb.db.engine.compaction.CompactionTaskManager:219 - A CompactionTask failed to be submitted to CompactionTaskManager because taskExecutionPool is null 
WARN  [2022-08-27 08:47:29,130] [main] org.apache.iotdb.db.engine.compaction.CompactionTaskManager:219 - A CompactionTask failed to be submitted to CompactionTaskManager because taskExecutionPool is null 
WARN  [2022-08-27 08:47:29,149] [main] org.apache.iotdb.db.engine.compaction.CompactionTaskManager:219 - A CompactionTask failed to be submitted to CompactionTaskManager because taskExecutionPool is null 
WARN  [2022-08-27 08:47:29,174] [main] org.apache.iotdb.db.engine.compaction.CompactionTaskManager:219 - A CompactionTask failed to be submitted to CompactionTaskManager because taskExecutionPool is null 
WARN  [2022-08-27 08:47:29,186] [main] org.apache.iotdb.db.engine.compaction.CompactionTaskManager:219 - A CompactionTask failed to be submitted to CompactionTaskManager because taskExecutionPool is null 
WARN  [2022-08-27 08:47:29,198] [main] org.apache.iotdb.db.engine.compaction.CompactionTaskManager:219 - A CompactionTask failed to be submitted to CompactionTaskManager because taskExecutionPool is null 
WARN  [2022-08-27 08:47:29,215] [main] org.apache.iotdb.db.utils.EnvironmentUtils:106 - EnvironmentUtil cleanEnv... 
[[1;34mINFO[m] [1;32mTests run: [0;1;32m1[m, Failures: 0, Errors: 0, Skipped: 0, Time elapsed: 1.261 s - in org.apache.iotdb.cluster.query.[1mClusterPlanExecutorTest[m
[[1;34mINFO[m] 
[[1;34mINFO[m] Results:
[[1;34mINFO[m] 
[[1;34mINFO[m] [1;32mTests run: 1, Failures: 0, Errors: 0, Skipped: 0[m
[[1;34mINFO[m] 
INFO: Adding excluded groups to newly created one
INFO: Adding NonDex argLine to existing argLine specified by the project
CONFIG: nondexFilter=.*
nondexMode=FULL
nondexSeed=1016066
nondexStart=0
nondexEnd=9223372036854775807
nondexPrintstack=false
nondexDir=/home/kejiawu2/mp1/iotdb/cluster/.nondex
nondexJarDir=/home/kejiawu2/mp1/iotdb/cluster/.nondex
nondexExecid=HRsDSSRfLiUv7rmPFOqTvDK13oh3Ri9mZ+Wo88S4M=
nondexLogging=CONFIG
test=
[[1;33mWARNING[m] The parameter forkMode is deprecated since version 2.14. Use forkCount and reuseForks instead.
[[1;34mINFO[m] 
[[1;34mINFO[m] -------------------------------------------------------
[[1;34mINFO[m]  T E S T S
[[1;34mINFO[m] -------------------------------------------------------
[[1;34mINFO[m] Running org.apache.iotdb.cluster.query.[1mClusterPlanExecutorTest[m
WARN  [2022-08-27 08:47:30,341] [main] org.apache.iotdb.tsfile.common.conf.TSFileDescriptor:100 - Fail to find config file file:/home/kejiawu2/.m2/repository/org/apache/iotdb/iotdb-server/0.13.0-SNAPSHOT/iotdb-server-0.13.0-SNAPSHOT-tests.jar!/iotdb-engine.properties 
WARN  [2022-08-27 08:47:30,364] [main] org.apache.iotdb.cluster.config.ClusterDescriptor:80 - Cannot find IOTDB_HOME or IOTDB_CONF environment variable when loading config file iotdb-cluster.properties, use default configuration 
WARN  [2022-08-27 08:47:30,541] [main] org.apache.iotdb.db.utils.EnvironmentUtils:254 - EnvironmentUtil setup... 
WARN  [2022-08-27 08:47:30,545] [main] org.apache.iotdb.db.service.StartupChecks:38 - iotdb.jmx.port missing from iotdb-env.sh(Unix or OS X, if you use Windows, check conf/iotdb-env.bat) 
WARN  [2022-08-27 08:47:30,891] [main] org.apache.iotdb.db.engine.compaction.CompactionTaskManager:219 - A CompactionTask failed to be submitted to CompactionTaskManager because taskExecutionPool is null 
WARN  [2022-08-27 08:47:30,967] [main] org.apache.iotdb.db.engine.compaction.CompactionTaskManager:219 - A CompactionTask failed to be submitted to CompactionTaskManager because taskExecutionPool is null 
WARN  [2022-08-27 08:47:30,990] [main] org.apache.iotdb.db.engine.compaction.CompactionTaskManager:219 - A CompactionTask failed to be submitted to CompactionTaskManager because taskExecutionPool is null 
WARN  [2022-08-27 08:47:31,010] [main] org.apache.iotdb.db.engine.compaction.CompactionTaskManager:219 - A CompactionTask failed to be submitted to CompactionTaskManager because taskExecutionPool is null 
WARN  [2022-08-27 08:47:31,026] [main] org.apache.iotdb.db.engine.compaction.CompactionTaskManager:219 - A CompactionTask failed to be submitted to CompactionTaskManager because taskExecutionPool is null 
WARN  [2022-08-27 08:47:31,044] [main] org.apache.iotdb.db.engine.compaction.CompactionTaskManager:219 - A CompactionTask failed to be submitted to CompactionTaskManager because taskExecutionPool is null 
WARN  [2022-08-27 08:47:31,069] [main] org.apache.iotdb.db.engine.compaction.CompactionTaskManager:219 - A CompactionTask failed to be submitted to CompactionTaskManager because taskExecutionPool is null 
WARN  [2022-08-27 08:47:31,087] [main] org.apache.iotdb.db.engine.compaction.CompactionTaskManager:219 - A CompactionTask failed to be submitted to CompactionTaskManager because taskExecutionPool is null 
WARN  [2022-08-27 08:47:31,109] [main] org.apache.iotdb.db.engine.compaction.CompactionTaskManager:219 - A CompactionTask failed to be submitted to CompactionTaskManager because taskExecutionPool is null 
WARN  [2022-08-27 08:47:31,123] [main] org.apache.iotdb.db.engine.compaction.CompactionTaskManager:219 - A CompactionTask failed to be submitted to CompactionTaskManager because taskExecutionPool is null 
WARN  [2022-08-27 08:47:31,141] [main] org.apache.iotdb.db.utils.EnvironmentUtils:106 - EnvironmentUtil cleanEnv... 
[[1;34mINFO[m] [1;32mTests run: [0;1;32m1[m, Failures: 0, Errors: 0, Skipped: 0, Time elapsed: 1.045 s - in org.apache.iotdb.cluster.query.[1mClusterPlanExecutorTest[m
[[1;34mINFO[m] 
[[1;34mINFO[m] Results:
[[1;34mINFO[m] 
[[1;34mINFO[m] [1;32mTests run: 1, Failures: 0, Errors: 0, Skipped: 0[m
[[1;34mINFO[m] 
[[1;34mINFO[m] NonDex SUMMARY:
[[1;34mINFO[m] *********
[[1;34mINFO[m] mvn nondex:nondex  -DnondexFilter='.*' -DnondexMode=FULL -DnondexSeed=933178 -DnondexStart=0 -DnondexEnd=9223372036854775807 -DnondexPrintstack=false -DnondexDir="/home/kejiawu2/mp1/iotdb/cluster/.nondex" -DnondexJarDir="/home/kejiawu2/mp1/iotdb/cluster/.nondex" -DnondexExecid=HhZ4N+nmM7en217Ob0lwrN6Dj26+LbZ8pZz4V8F9qA= -DnondexLogging=CONFIG
[[1;34mINFO[m] No Test Failed with this configuration.
[[1;34mINFO[m] *********
[[1;34mINFO[m] *********
[[1;34mINFO[m] mvn nondex:nondex  -DnondexFilter='.*' -DnondexMode=FULL -DnondexSeed=974622 -DnondexStart=0 -DnondexEnd=9223372036854775807 -DnondexPrintstack=false -DnondexDir="/home/kejiawu2/mp1/iotdb/cluster/.nondex" -DnondexJarDir="/home/kejiawu2/mp1/iotdb/cluster/.nondex" -DnondexExecid=m83ZUhNEjQZ6tnCmv2ZsPornIQEc0+blbq1UUBQlOmM= -DnondexLogging=CONFIG
[[1;34mINFO[m] No Test Failed with this configuration.
[[1;34mINFO[m] *********
[[1;34mINFO[m] *********
[[1;34mINFO[m] mvn nondex:nondex  -DnondexFilter='.*' -DnondexMode=FULL -DnondexSeed=1016066 -DnondexStart=0 -DnondexEnd=9223372036854775807 -DnondexPrintstack=false -DnondexDir="/home/kejiawu2/mp1/iotdb/cluster/.nondex" -DnondexJarDir="/home/kejiawu2/mp1/iotdb/cluster/.nondex" -DnondexExecid=HRsDSSRfLiUv7rmPFOqTvDK13oh3Ri9mZ+Wo88S4M= -DnondexLogging=CONFIG
[[1;34mINFO[m] No Test Failed with this configuration.
[[1;34mINFO[m] *********
[[1;34mINFO[m] Across all seeds:
[[1;34mINFO[m] Test results can be found at: 
[[1;34mINFO[m] file:///home/kejiawu2/mp1/iotdb/cluster/.nondex/HhZ4N+nmM7en217Ob0lwrN6Dj26+LbZ8pZz4V8F9qA=/test_results.html
[[1;34mINFO[m] [NonDex] The id of this run is: HhZ4N+nmM7en217Ob0lwrN6Dj26+LbZ8pZz4V8F9qA=
[[1;34mINFO[m] [1m------------------------------------------------------------------------[m
[[1;34mINFO[m] [1;32mBUILD SUCCESS[m
[[1;34mINFO[m] [1m------------------------------------------------------------------------[m
[[1;34mINFO[m] Total time:  26.385 s
[[1;34mINFO[m] Finished at: 2022-08-27T08:47:31-05:00
[[1;34mINFO[m] [1m------------------------------------------------------------------------[m
